<?xml version="1.0" encoding="UTF-8"?>
<!-- Generated by org.testng.reporters.JUnitReportReporter -->
<testsuite skipped="0" hostname="LAPTOP-N3ALFORJ" name="tests.Post_Demo" tests="1" failures="0" timestamp="07 Jul 2018 04:39:27 GMT" time="2.922" errors="0">
  <testcase name="test1" time="2.922" classname="tests.Post_Demo"/>
</testsuite> <!-- tests.Post_Demo -->
