<?xml version="1.0" encoding="UTF-8"?>
<!-- Generated by org.testng.reporters.JUnitReportReporter -->
<testsuite skipped="0" hostname="LAPTOP-N3ALFORJ" name="tests.ExtractingNamesAPI" tests="1" failures="0" timestamp="10 Jul 2018 03:34:10 GMT" time="0.807" errors="0">
  <testcase name="extractName" time="0.807" classname="tests.ExtractingNamesAPI"/>
</testsuite> <!-- tests.ExtractingNamesAPI -->
