<?xml version="1.0" encoding="UTF-8"?>
<!-- Generated by org.testng.reporters.JUnitReportReporter -->
<testsuite skipped="0" hostname="LAPTOP-N3ALFORJ" name="tests.Traverse" tests="1" failures="0" timestamp="07 Jul 2018 18:49:32 GMT" time="2.907" errors="0">
  <testcase name="test1" time="2.907" classname="tests.Traverse"/>
</testsuite> <!-- tests.Traverse -->
