<?xml version="1.0" encoding="UTF-8"?>
<!-- Generated by org.testng.reporters.JUnitReportReporter -->
<testsuite skipped="0" hostname="LAPTOP-N3ALFORJ" name="tests.Post_Demo_XML" tests="1" failures="0" timestamp="07 Jul 2018 18:46:55 GMT" time="2.274" errors="0">
  <testcase name="test1" time="2.274" classname="tests.Post_Demo_XML"/>
</testsuite> <!-- tests.Post_Demo_XML -->
