<?xml version="1.0" encoding="UTF-8"?>
<!-- Generated by org.testng.reporters.JUnitReportReporter -->
<testsuite skipped="0" hostname="LAPTOP-N3ALFORJ" name="tests.Create_Place" tests="1" failures="0" timestamp="10 Jul 2018 03:34:10 GMT" time="0.275" errors="0">
  <testcase name="createPlace" time="0.275" classname="tests.Create_Place"/>
</testsuite> <!-- tests.Create_Place -->
