<?xml version="1.0" encoding="UTF-8"?>
<!-- Generated by org.testng.reporters.JUnitReportReporter -->
<testsuite skipped="0" hostname="LAPTOP-N3ALFORJ" name="tests.Get_Demo1" tests="1" failures="0" timestamp="07 Jul 2018 18:46:11 GMT" time="2.385" errors="0">
  <testcase name="test1" time="2.385" classname="tests.Get_Demo1"/>
</testsuite> <!-- tests.Get_Demo1 -->
