<?xml version="1.0" encoding="UTF-8"?>
<!-- Generated by org.testng.reporters.JUnitReportReporter -->
<testsuite skipped="0" hostname="LAPTOP-N3ALFORJ" name="tests.Demo3" tests="1" failures="0" timestamp="10 Jul 2018 04:58:56 GMT" time="2.065" errors="0">
  <testcase name="andAndDelete" time="2.065" classname="tests.Demo3"/>
</testsuite> <!-- tests.Demo3 -->
