<?xml version="1.0" encoding="UTF-8"?>
<!-- Generated by org.testng.reporters.JUnitReportReporter -->
<testsuite skipped="0" hostname="LAPTOP-N3ALFORJ" name="tests.Demo" tests="1" failures="0" timestamp="07 Jul 2018 04:20:58 GMT" time="3.161" errors="0">
  <testcase name="test1" time="3.161" classname="tests.Demo"/>
</testsuite> <!-- tests.Demo -->
